::1 - - [12/Jun/2025 17:38:35] "GET / HTTP/1.1" 200 -
::1 - - [12/Jun/2025 17:38:35] "GET /_next/static/media/569ce4b8f30dc480-s.p.woff2 HTTP/1.1" 200 -
::1 - - [12/Jun/2025 17:38:35] "GET /_next/static/css/79e778a5afa5c00b.css HTTP/1.1" 200 -
::1 - - [12/Jun/2025 17:38:35] "GET /_next/static/media/93f479601ee12b01-s.p.woff2 HTTP/1.1" 200 -
::1 - - [12/Jun/2025 17:38:35] "GET /_next/static/chunks/webpack-f029a09104d09cbc.js HTTP/1.1" 200 -
::1 - - [12/Jun/2025 17:38:35] "GET /_next/static/chunks/4bd1b696-67ee12fb04071d3b.js HTTP/1.1" 200 -
::1 - - [12/Jun/2025 17:38:35] "GET /_next/static/chunks/684-bc1e486cc8d76675.js HTTP/1.1" 200 -
::1 - - [12/Jun/2025 17:38:35] "GET /_next/static/chunks/main-app-c4dc2bd609d826cd.js HTTP/1.1" 200 -
::1 - - [12/Jun/2025 17:38:35] "GET /favicon.ico HTTP/1.1" 200 -
::1 - - [12/Jun/2025 17:39:23] "GET / HTTP/1.1" 304 -
::1 - - [12/Jun/2025 17:39:23] "GET /_next/static/css/79e778a5afa5c00b.css HTTP/1.1" 304 -
::1 - - [12/Jun/2025 17:39:23] "GET /_next/static/media/93f479601ee12b01-s.p.woff2 HTTP/1.1" 304 -
::1 - - [12/Jun/2025 17:39:23] "GET /_next/static/media/569ce4b8f30dc480-s.p.woff2 HTTP/1.1" 304 -
::1 - - [12/Jun/2025 17:39:23] "GET /_next/static/chunks/webpack-f029a09104d09cbc.js HTTP/1.1" 304 -
::1 - - [12/Jun/2025 17:39:23] "GET /_next/static/chunks/4bd1b696-67ee12fb04071d3b.js HTTP/1.1" 304 -
::1 - - [12/Jun/2025 17:39:23] "GET /_next/static/chunks/684-bc1e486cc8d76675.js HTTP/1.1" 304 -
::1 - - [12/Jun/2025 17:39:23] "GET /_next/static/chunks/main-app-c4dc2bd609d826cd.js HTTP/1.1" 304 -
::1 - - [12/Jun/2025 17:39:23] "GET /favicon.ico HTTP/1.1" 304 -
::1 - - [12/Jun/2025 17:39:24] "GET / HTTP/1.1" 304 -
::1 - - [12/Jun/2025 17:39:25] "GET / HTTP/1.1" 304 -
::1 - - [12/Jun/2025 17:39:26] "GET / HTTP/1.1" 304 -
::1 - - [12/Jun/2025 17:39:27] "GET / HTTP/1.1" 304 -
::1 - - [12/Jun/2025 17:39:28] "GET / HTTP/1.1" 304 -
::1 - - [12/Jun/2025 17:39:28] "GET / HTTP/1.1" 304 -
::1 - - [12/Jun/2025 17:39:29] "GET / HTTP/1.1" 304 -
::1 - - [12/Jun/2025 17:39:30] "GET / HTTP/1.1" 304 -
::1 - - [12/Jun/2025 17:39:31] "GET / HTTP/1.1" 304 -
::1 - - [12/Jun/2025 17:39:33] "GET / HTTP/1.1" 304 -
::1 - - [12/Jun/2025 17:39:33] "GET / HTTP/1.1" 304 -
::1 - - [12/Jun/2025 17:39:33] "GET /_next/static/media/569ce4b8f30dc480-s.p.woff2 HTTP/1.1" 304 -
::1 - - [12/Jun/2025 17:39:33] "GET /_next/static/css/79e778a5afa5c00b.css HTTP/1.1" 304 -
::1 - - [12/Jun/2025 17:39:33] "GET /_next/static/media/93f479601ee12b01-s.p.woff2 HTTP/1.1" 304 -
::1 - - [12/Jun/2025 17:39:33] "GET /_next/static/chunks/4bd1b696-67ee12fb04071d3b.js HTTP/1.1" 304 -
::1 - - [12/Jun/2025 17:39:33] "GET /_next/static/chunks/webpack-f029a09104d09cbc.js HTTP/1.1" 304 -
::1 - - [12/Jun/2025 17:39:33] "GET /_next/static/chunks/684-bc1e486cc8d76675.js HTTP/1.1" 304 -
::1 - - [12/Jun/2025 17:39:33] "GET /_next/static/chunks/main-app-c4dc2bd609d826cd.js HTTP/1.1" 304 -
::1 - - [12/Jun/2025 17:39:33] "GET /favicon.ico HTTP/1.1" 304 -
::1 - - [12/Jun/2025 17:39:40] "GET / HTTP/1.1" 304 -
::1 - - [12/Jun/2025 17:39:52] "GET /_next/static/media/569ce4b8f30dc480-s.p.woff2 HTTP/1.1" 304 -
::1 - - [12/Jun/2025 17:39:52] "GET /_next/static/media/93f479601ee12b01-s.p.woff2 HTTP/1.1" 304 -
::1 - - [12/Jun/2025 17:39:52] "GET /_next/static/css/79e778a5afa5c00b.css HTTP/1.1" 304 -
::1 - - [12/Jun/2025 17:39:52] "GET /_next/static/chunks/webpack-f029a09104d09cbc.js HTTP/1.1" 304 -
::1 - - [12/Jun/2025 17:39:52] "GET /_next/static/chunks/4bd1b696-67ee12fb04071d3b.js HTTP/1.1" 304 -
::1 - - [12/Jun/2025 17:39:52] "GET /_next/static/chunks/main-app-c4dc2bd609d826cd.js HTTP/1.1" 304 -
::1 - - [12/Jun/2025 17:39:52] "GET /_next/static/chunks/684-bc1e486cc8d76675.js HTTP/1.1" 304 -
::1 - - [12/Jun/2025 17:39:52] "GET /favicon.ico HTTP/1.1" 304 -
::1 - - [12/Jun/2025 17:41:05] "GET / HTTP/1.1" 304 -
::1 - - [12/Jun/2025 17:41:05] "GET /_next/static/media/569ce4b8f30dc480-s.p.woff2 HTTP/1.1" 304 -
::1 - - [12/Jun/2025 17:41:05] "GET /_next/static/css/79e778a5afa5c00b.css HTTP/1.1" 304 -
::1 - - [12/Jun/2025 17:41:05] "GET /_next/static/media/93f479601ee12b01-s.p.woff2 HTTP/1.1" 304 -
::1 - - [12/Jun/2025 17:41:05] "GET /_next/static/chunks/webpack-f029a09104d09cbc.js HTTP/1.1" 304 -
::1 - - [12/Jun/2025 17:41:05] "GET /_next/static/chunks/4bd1b696-67ee12fb04071d3b.js HTTP/1.1" 304 -
::1 - - [12/Jun/2025 17:41:05] "GET /_next/static/chunks/684-bc1e486cc8d76675.js HTTP/1.1" 304 -
::1 - - [12/Jun/2025 17:41:05] "GET /favicon.ico HTTP/1.1" 304 -
::1 - - [12/Jun/2025 17:41:05] "GET /_next/static/chunks/main-app-c4dc2bd609d826cd.js HTTP/1.1" 304 -
::1 - - [12/Jun/2025 17:46:27] "GET / HTTP/1.1" 304 -
::1 - - [12/Jun/2025 17:46:27] "GET /_next/static/css/79e778a5afa5c00b.css HTTP/1.1" 304 -
::1 - - [12/Jun/2025 17:46:27] "GET /_next/static/media/569ce4b8f30dc480-s.p.woff2 HTTP/1.1" 304 -
::1 - - [12/Jun/2025 17:46:27] "GET /_next/static/media/93f479601ee12b01-s.p.woff2 HTTP/1.1" 304 -
::1 - - [12/Jun/2025 17:46:28] "GET /_next/static/chunks/webpack-f029a09104d09cbc.js HTTP/1.1" 304 -
::1 - - [12/Jun/2025 17:46:28] "GET /_next/static/chunks/4bd1b696-67ee12fb04071d3b.js HTTP/1.1" 304 -
::1 - - [12/Jun/2025 17:46:28] "GET /_next/static/chunks/684-bc1e486cc8d76675.js HTTP/1.1" 304 -
::1 - - [12/Jun/2025 17:46:28] "GET /_next/static/chunks/main-app-c4dc2bd609d826cd.js HTTP/1.1" 304 -
::1 - - [12/Jun/2025 17:46:28] "GET /favicon.ico HTTP/1.1" 304 -
::1 - - [12/Jun/2025 17:48:20] "GET / HTTP/1.1" 304 -
::1 - - [12/Jun/2025 17:48:20] "GET /_next/static/css/79e778a5afa5c00b.css HTTP/1.1" 304 -
::1 - - [12/Jun/2025 17:48:20] "GET /_next/static/media/569ce4b8f30dc480-s.p.woff2 HTTP/1.1" 304 -
::1 - - [12/Jun/2025 17:48:20] "GET /_next/static/media/93f479601ee12b01-s.p.woff2 HTTP/1.1" 304 -
::1 - - [12/Jun/2025 17:48:20] "GET /_next/static/chunks/webpack-f029a09104d09cbc.js HTTP/1.1" 304 -
::1 - - [12/Jun/2025 17:48:20] "GET /_next/static/chunks/4bd1b696-67ee12fb04071d3b.js HTTP/1.1" 304 -
::1 - - [12/Jun/2025 17:48:20] "GET /_next/static/chunks/684-bc1e486cc8d76675.js HTTP/1.1" 304 -
::1 - - [12/Jun/2025 17:48:20] "GET /_next/static/chunks/main-app-c4dc2bd609d826cd.js HTTP/1.1" 304 -
::1 - - [12/Jun/2025 17:48:20] "GET /favicon.ico HTTP/1.1" 304 -
